<?xml version="1.0" encoding="UTF-8"?>
<!-- Generated by org.testng.reporters.JUnitReportReporter -->
<testsuite hostname="LAPTOP-LDTPQ8CD" failures="0" tests="1" name="testcases.Practices" time="17.644" errors="0" timestamp="2022-03-11T18:38:16 IST" skipped="0">
  <testcase classname="testcases.Practices" name="LoginSucessTest" time="17.644"/>
  <system-out/>
</testsuite> <!-- testcases.Practices -->
