<?xml version="1.0" encoding="UTF-8"?>
<!-- Generated by org.testng.reporters.JUnitReportReporter -->
<testsuite hostname="LAPTOP-LDTPQ8CD" failures="0" tests="4" name="testcases.LoginTest" time="40.310" errors="0" timestamp="2022-03-12T12:58:29 IST" skipped="0">
  <testcase classname="testcases.LoginTest" name="LoginSucessTest" time="10.658"/>
  <system-out/>
  <testcase classname="testcases.LoginTest" name="LoginFailiureTest" time="10.569"/>
  <system-out/>
  <testcase classname="testcases.LoginTest" name="ExternalDataTest" time="10.201"/>
  <system-out/>
  <testcase classname="testcases.LoginTest" name="ParameterizedTest" time="8.882"/>
  <system-out/>
</testsuite> <!-- testcases.LoginTest -->
