<?xml version="1.0" encoding="UTF-8"?>
<!-- Generated by org.testng.reporters.JUnitReportReporter -->
<testsuite hostname="LAPTOP-LDTPQ8CD" failures="0" tests="4" name="testcases.LoginTest" time="38.028" errors="0" timestamp="2022-03-13T09:46:19 IST" skipped="0">
  <testcase classname="testcases.LoginTest" name="ExternalDataTest" time="8.346"/>
  <system-out/>
  <testcase classname="testcases.LoginTest" name="LoginFailiureTest" time="10.452"/>
  <system-out/>
  <testcase classname="testcases.LoginTest" name="ParameterizedTest" time="9.344"/>
  <system-out/>
  <testcase classname="testcases.LoginTest" name="LoginSucessTest" time="9.886"/>
  <system-out/>
</testsuite> <!-- testcases.LoginTest -->
