<?xml version="1.0" encoding="UTF-8"?>
<!-- Generated by org.testng.reporters.JUnitReportReporter -->
<testsuite hostname="LAPTOP-LDTPQ8CD" failures="0" tests="1" name="testcases.HomePage" time="4.869" errors="0" timestamp="2022-03-07T00:13:45 IST" skipped="0">
  <testcase classname="testcases.HomePage" name="HomeTest" time="4.869"/>
  <system-out/>
</testsuite> <!-- testcases.HomePage -->
