<?xml version="1.0" encoding="UTF-8"?>
<!-- Generated by org.testng.reporters.JUnitReportReporter -->
<testsuite hostname="LAPTOP-LDTPQ8CD" failures="0" tests="4" name="testcases.LoginTest" time="42.519" errors="0" timestamp="2022-03-19T09:50:24 IST" skipped="0">
  <testcase classname="testcases.LoginTest" name="LoginSucessTest" time="12.512"/>
  <system-out/>
  <testcase classname="testcases.LoginTest" name="ExternalDataTest" time="8.917"/>
  <system-out/>
  <testcase classname="testcases.LoginTest" name="LoginFailiureTest" time="9.872"/>
  <system-out/>
  <testcase classname="testcases.LoginTest" name="ParameterizedTest" time="11.218"/>
  <system-out/>
</testsuite> <!-- testcases.LoginTest -->
