<?xml version="1.0" encoding="UTF-8"?>
<!-- Generated by org.testng.reporters.JUnitReportReporter -->
<testsuite hostname="LAPTOP-LDTPQ8CD" failures="0" tests="4" name="testcases.LoginTest" time="41.312" errors="0" timestamp="2022-03-13T10:27:08 IST" skipped="0">
  <testcase classname="testcases.LoginTest" name="LoginSucessTest" time="9.512"/>
  <system-out/>
  <testcase classname="testcases.LoginTest" name="ExternalDataTest" time="11.028"/>
  <system-out/>
  <testcase classname="testcases.LoginTest" name="LoginFailiureTest" time="10.368"/>
  <system-out/>
  <testcase classname="testcases.LoginTest" name="ParameterizedTest" time="10.404"/>
  <system-out/>
</testsuite> <!-- testcases.LoginTest -->
